<?xml version="1.0" encoding="UTF-8"?>
<testng-results ignored="0" total="1" passed="1" failed="0" skipped="0">
  <reporter-output>
  </reporter-output>
  <suite started-at="2023-09-18T15:41:17 IST" name="Simple HTML-XML Suite" finished-at="2023-09-18T15:42:21 IST" duration-ms="64315">
    <groups>
    </groups>
    <test started-at="2023-09-18T15:41:17 IST" name="Simple HTML-XML Test" finished-at="2023-09-18T15:42:21 IST" duration-ms="64315">
      <class name="automate.demo1">
        <test-method is-config="true" signature="beforerun()[pri:0, instance:automate.demo1@7bd4937b]" started-at="2023-09-18T15:41:17 IST" name="beforerun" finished-at="2023-09-18T15:41:17 IST" duration-ms="2" status="PASS">
          <reporter-output>
          </reporter-output>
        </test-method> <!-- beforerun -->
        <test-method signature="one()[pri:0, instance:automate.demo1@7bd4937b]" started-at="2023-09-18T15:41:17 IST" name="one" finished-at="2023-09-18T15:42:21 IST" duration-ms="64278" status="PASS">
          <reporter-output>
          </reporter-output>
        </test-method> <!-- one -->
        <test-method is-config="true" signature="Afterrun()[pri:0, instance:automate.demo1@7bd4937b]" started-at="2023-09-18T15:42:21 IST" name="Afterrun" finished-at="2023-09-18T15:42:21 IST" duration-ms="2" status="PASS">
          <reporter-output>
          </reporter-output>
        </test-method> <!-- Afterrun -->
      </class> <!-- automate.demo1 -->
    </test> <!-- Simple HTML-XML Test -->
  </suite> <!-- Simple HTML-XML Suite -->
</testng-results>
